Determining if the pthread_create exist failed with the following output:
Change Dir: /home/theo/Bureau/Projet/Graha/build/CMakeFiles/CMakeTmp

Run Build Command:"/usr/bin/make" "cmTC_22dd5/fast"
/usr/bin/make -f CMakeFiles/cmTC_22dd5.dir/build.make CMakeFiles/cmTC_22dd5.dir/build
make[1] : on entre dans le répertoire « /home/theo/Bureau/Projet/Graha/build/CMakeFiles/CMakeTmp »
Building C object CMakeFiles/cmTC_22dd5.dir/CheckSymbolExists.c.o
/usr/bin/cc    -o CMakeFiles/cmTC_22dd5.dir/CheckSymbolExists.c.o   -c /home/theo/Bureau/Projet/Graha/build/CMakeFiles/CMakeTmp/CheckSymbolExists.c
Linking C executable cmTC_22dd5
/usr/bin/cmake -E cmake_link_script CMakeFiles/cmTC_22dd5.dir/link.txt --verbose=1
/usr/bin/cc      -rdynamic CMakeFiles/cmTC_22dd5.dir/CheckSymbolExists.c.o  -o cmTC_22dd5 
CMakeFiles/cmTC_22dd5.dir/CheckSymbolExists.c.o : Dans la fonction « main » :
CheckSymbolExists.c:(.text+0x1b) : référence indéfinie vers « pthread_create »
collect2: error: ld returned 1 exit status
CMakeFiles/cmTC_22dd5.dir/build.make:97: recipe for target 'cmTC_22dd5' failed
make[1]: *** [cmTC_22dd5] Error 1
make[1] : on quitte le répertoire « /home/theo/Bureau/Projet/Graha/build/CMakeFiles/CMakeTmp »
Makefile:126: recipe for target 'cmTC_22dd5/fast' failed
make: *** [cmTC_22dd5/fast] Error 2

File /home/theo/Bureau/Projet/Graha/build/CMakeFiles/CMakeTmp/CheckSymbolExists.c:
/* */
#include <pthread.h>

int main(int argc, char** argv)
{
  (void)argv;
#ifndef pthread_create
  return ((int*)(&pthread_create))[argc];
#else
  (void)argc;
  return 0;
#endif
}

Determining if the function pthread_create exists in the pthreads failed with the following output:
Change Dir: /home/theo/Bureau/Projet/Graha/build/CMakeFiles/CMakeTmp

Run Build Command:"/usr/bin/make" "cmTC_b6391/fast"
/usr/bin/make -f CMakeFiles/cmTC_b6391.dir/build.make CMakeFiles/cmTC_b6391.dir/build
make[1] : on entre dans le répertoire « /home/theo/Bureau/Projet/Graha/build/CMakeFiles/CMakeTmp »
Building C object CMakeFiles/cmTC_b6391.dir/CheckFunctionExists.c.o
/usr/bin/cc   -DCHECK_FUNCTION_EXISTS=pthread_create   -o CMakeFiles/cmTC_b6391.dir/CheckFunctionExists.c.o   -c /usr/share/cmake-3.10/Modules/CheckFunctionExists.c
Linking C executable cmTC_b6391
/usr/bin/cmake -E cmake_link_script CMakeFiles/cmTC_b6391.dir/link.txt --verbose=1
/usr/bin/cc  -DCHECK_FUNCTION_EXISTS=pthread_create    -rdynamic CMakeFiles/cmTC_b6391.dir/CheckFunctionExists.c.o  -o cmTC_b6391 -lpthreads 
/usr/bin/ld : ne peut trouver -lpthreads
collect2: error: ld returned 1 exit status
CMakeFiles/cmTC_b6391.dir/build.make:97: recipe for target 'cmTC_b6391' failed
make[1]: *** [cmTC_b6391] Error 1
make[1] : on quitte le répertoire « /home/theo/Bureau/Projet/Graha/build/CMakeFiles/CMakeTmp »
Makefile:126: recipe for target 'cmTC_b6391/fast' failed
make: *** [cmTC_b6391/fast] Error 2


